<?xml version="1.0" encoding="UTF-8"?>
<!-- Generated by org.testng.reporters.JUnitReportReporter -->
<testsuite hostname="059-Harshitha-U-B.local" failures="1" tests="5" name="com.mishipay.webshopper.TestDDF" time="451.504" errors="0" timestamp="2025-03-16T19:54:58 IST" skipped="0">
  <testcase classname="com.mishipay.webshopper.TestDDF" name="verifyFTCStoreLogoIsDisplayed" time="38.177"/>
  <testcase classname="com.mishipay.webshopper.TestDDF" name="verifyItemCanBeAddedToBasket" time="72.719"/>
  <testcase classname="com.mishipay.webshopper.TestDDF" name="verifyDonationPopupAppears" time="84.613"/>
  <testcase classname="com.mishipay.webshopper.TestDDF" name="verifyCheckoutButtonFunctionality" time="80.106">
    <failure message="Test failed due to an exception: element click intercepted: Element &lt;div _ngcontent-vfc-c192=&quot;&quot;&gt;...&lt;/div&gt; is not clickable at point (756, 502). Other element would receive the click: &lt;div _ngcontent-vfc-c155=&quot;&quot; class=&quot;spinner-container ng-star-inserted&quot;&gt;...&lt;/div&gt;
  (Session info: chrome=134.0.6998.45)
Build info: version: &#039;4.29.0&#039;, revision: &#039;5fc1ec94cb&#039;
System info: os.name: &#039;Mac OS X&#039;, os.arch: &#039;x86_64&#039;, os.version: &#039;15.3.1&#039;, java.version: &#039;17.0.7&#039;
Driver info: org.openqa.selenium.chrome.ChromeDriver
Command: [f994628573234fe5885055e8a16c7df3, clickElement {id=f.4B1E9F318E6D5551F890B61EC22BDE93.d.66BB02C6B2D1F7D4B43D829A101A66CA.e.20}]
Capabilities {acceptInsecureCerts: false, browserName: chrome, browserVersion: 134.0.6998.45, chrome: {chromedriverVersion: 134.0.6998.88 (7e3d5c978c6d..., userDataDir: /var/folders/54/1klwwx910g7...}, fedcm:accounts: true, goog:chromeOptions: {debuggerAddress: localhost:65293}, networkConnectionEnabled: false, pageLoadStrategy: normal, platformName: mac, proxy: Proxy(), se:cdp: ws://localhost:65293/devtoo..., se:cdpVersion: 134.0.6998.45, setWindowRect: true, strictFileInteractability: false, timeouts: {implicit: 0, pageLoad: 300000, script: 30000}, unhandledPromptBehavior: dismiss and notify, webauthn:extension:credBlob: true, webauthn:extension:largeBlob: true, webauthn:extension:minPinLength: true, webauthn:extension:prf: true, webauthn:virtualAuthenticators: true}
Element: [[ChromeDriver: chrome on mac (f994628573234fe5885055e8a16c7df3)] -&gt; xpath: //div[contains(text(), &#039;Cannot scan barcode&#039;)]]
Session ID: f994628573234fe5885055e8a16c7df3" type="java.lang.AssertionError">
      <![CDATA[java.lang.AssertionError: Test failed due to an exception: element click intercepted: Element <div _ngcontent-vfc-c192="">...</div> is not clickable at point (756, 502). Other element would receive the click: <div _ngcontent-vfc-c155="" class="spinner-container ng-star-inserted">...</div>
  (Session info: chrome=134.0.6998.45)
Build info: version: '4.29.0', revision: '5fc1ec94cb'
System info: os.name: 'Mac OS X', os.arch: 'x86_64', os.version: '15.3.1', java.version: '17.0.7'
Driver info: org.openqa.selenium.chrome.ChromeDriver
Command: [f994628573234fe5885055e8a16c7df3, clickElement {id=f.4B1E9F318E6D5551F890B61EC22BDE93.d.66BB02C6B2D1F7D4B43D829A101A66CA.e.20}]
Capabilities {acceptInsecureCerts: false, browserName: chrome, browserVersion: 134.0.6998.45, chrome: {chromedriverVersion: 134.0.6998.88 (7e3d5c978c6d..., userDataDir: /var/folders/54/1klwwx910g7...}, fedcm:accounts: true, goog:chromeOptions: {debuggerAddress: localhost:65293}, networkConnectionEnabled: false, pageLoadStrategy: normal, platformName: mac, proxy: Proxy(), se:cdp: ws://localhost:65293/devtoo..., se:cdpVersion: 134.0.6998.45, setWindowRect: true, strictFileInteractability: false, timeouts: {implicit: 0, pageLoad: 300000, script: 30000}, unhandledPromptBehavior: dismiss and notify, webauthn:extension:credBlob: true, webauthn:extension:largeBlob: true, webauthn:extension:minPinLength: true, webauthn:extension:prf: true, webauthn:virtualAuthenticators: true}
Element: [[ChromeDriver: chrome on mac (f994628573234fe5885055e8a16c7df3)] -> xpath: //div[contains(text(), 'Cannot scan barcode')]]
Session ID: f994628573234fe5885055e8a16c7df3
at org.testng.Assert.fail(Assert.java:111)
at com.mishipay.webshopper.TestDDF.verifyItemCanBeAddedToBasket(TestDDF.java:110)
at com.mishipay.webshopper.TestDDF.verifyDonationPopupAppears(TestDDF.java:118)
at com.mishipay.webshopper.TestDDF.verifyCheckoutButtonFunctionality(TestDDF.java:132)
at java.base/jdk.internal.reflect.NativeMethodAccessorImpl.invoke0(Native Method)
at java.base/jdk.internal.reflect.NativeMethodAccessorImpl.invoke(NativeMethodAccessorImpl.java:77)
at java.base/jdk.internal.reflect.DelegatingMethodAccessorImpl.invoke(DelegatingMethodAccessorImpl.java:43)
at java.base/java.lang.reflect.Method.invoke(Method.java:568)
at org.testng.internal.invokers.MethodInvocationHelper.invokeMethod(MethodInvocationHelper.java:141)
at org.testng.internal.invokers.TestInvoker.invokeMethod(TestInvoker.java:686)
at org.testng.internal.invokers.TestInvoker.invokeTestMethod(TestInvoker.java:230)
at org.testng.internal.invokers.MethodRunner.runInSequence(MethodRunner.java:63)
at org.testng.internal.invokers.TestInvoker$MethodInvocationAgent.invoke(TestInvoker.java:992)
at org.testng.internal.invokers.TestInvoker.invokeTestMethods(TestInvoker.java:203)
at org.testng.internal.invokers.TestMethodWorker.invokeTestMethods(TestMethodWorker.java:154)
at org.testng.internal.invokers.TestMethodWorker.run(TestMethodWorker.java:134)
at java.base/java.util.ArrayList.forEach(ArrayList.java:1511)
at org.testng.TestRunner.privateRun(TestRunner.java:739)
at org.testng.TestRunner.run(TestRunner.java:614)
at org.testng.SuiteRunner.runTest(SuiteRunner.java:421)
at org.testng.SuiteRunner.runSequentially(SuiteRunner.java:413)
at org.testng.SuiteRunner.privateRun(SuiteRunner.java:373)
at org.testng.SuiteRunner.run(SuiteRunner.java:312)
at org.testng.SuiteRunnerWorker.runSuite(SuiteRunnerWorker.java:52)
at org.testng.SuiteRunnerWorker.run(SuiteRunnerWorker.java:95)
at org.testng.TestNG.runSuitesSequentially(TestNG.java:1274)
at org.testng.TestNG.runSuitesLocally(TestNG.java:1208)
at org.testng.TestNG.runSuites(TestNG.java:1112)
at org.testng.TestNG.run(TestNG.java:1079)
at org.testng.remote.AbstractRemoteTestNG.run(AbstractRemoteTestNG.java:115)
at org.testng.remote.RemoteTestNG.initAndRun(RemoteTestNG.java:293)
at org.testng.remote.RemoteTestNG.main(RemoteTestNG.java:91)
]]>
    </failure>
  </testcase> <!-- verifyCheckoutButtonFunctionality -->
  <testcase classname="com.mishipay.webshopper.TestDDF" name="verifyPaymentScreenFunctionality" time="175.889"/>
</testsuite> <!-- com.mishipay.webshopper.TestDDF -->
